#
# There is insufficient memory for the Java Runtime Environment to continue.
# Native memory allocation (malloc) failed to allocate 1048576 bytes for AllocateHeap
# Possible reasons:
#   The system is out of physical RAM or swap space
#   The process is running with CompressedOops enabled, and the Java Heap may be blocking the growth of the native heap
# Possible solutions:
#   Reduce memory load on the system
#   Increase physical memory or swap space
#   Check if swap backing store is full
#   Decrease Java heap size (-Xmx/-Xms)
#   Decrease number of Java threads
#   Decrease Java thread stack sizes (-Xss)
#   Set larger code cache with -XX:ReservedCodeCacheSize=
#   JVM is running with Unscaled Compressed Oops mode in which the Java heap is
#     placed in the first 4GB address space. The Java Heap base address is the
#     maximum limit for the native heap growth. Please use -XX:HeapBaseMinAddress
#     to set the Java Heap base and to place the Java Heap above 4GB virtual address.
# This output file may be truncated or incomplete.
#
#  Out of Memory Error (allocation.cpp:44), pid=19100, tid=19384
#
# JRE version:  (17.0.7+8) (build )
# Java VM: Java HotSpot(TM) 64-Bit Server VM (17.0.7+8-LTS-224, mixed mode, sharing, tiered, compressed oops, compressed class ptrs, g1 gc, windows-amd64)
# No core dump will be written. Minidumps are not enabled by default on client versions of Windows
#

---------------  S U M M A R Y ------------

Command Line: -XX:+ShowCodeDetailsInExceptionMessages SignUpOne

Host: AMD Ryzen 3 3250U with Radeon Graphics         , 4 cores, 3G,  Windows 11 , 64 bit Build 22621 (10.0.22621.2506)
Time: Wed Jan 31 10:25:49 2024 India Standard Time elapsed time: 0.034324 seconds (0d 0h 0m 0s)

---------------  T H R E A D  ---------------

Current thread (0x00000260b553ede0):  JavaThread "Unknown thread" [_thread_in_vm, id=19384, stack(0x000000d566800000,0x000000d566900000)]

Stack: [0x000000d566800000,0x000000d566900000]
Native frames: (J=compiled Java code, j=interpreted, Vv=VM code, C=native code)
V  [jvm.dll+0x676a4a]
V  [jvm.dll+0x7d74f4]
V  [jvm.dll+0x7d8c9e]
V  [jvm.dll+0x7d9303]
V  [jvm.dll+0x2452c5]
V  [jvm.dll+0xa50a3]
V  [jvm.dll+0x2e2c5e]
V  [jvm.dll+0x2da97b]
V  [jvm.dll+0x7a8fb1]
V  [jvm.dll+0x3670e1]
V  [jvm.dll+0x788359]
V  [jvm.dll+0x3ea5ef]
V  [jvm.dll+0x3ec071]
C  [jli.dll+0x5297]
C  [ucrtbase.dll+0x29363]
C  [KERNEL32.DLL+0x1257d]
C  [ntdll.dll+0x5aa58]


---------------  P R O C E S S  ---------------

Threads class SMR info:
_java_thread_list=0x00007ffb18824998, length=0, elements={
}

Java Threads: ( => current thread )

Other Threads:
  0x00000260b5576700 GCTaskThread "GC Thread#0" [stack: 0x000000d566900000,0x000000d566a00000] [id=2184]

[error occurred during error reporting (printing all threads), id 0xc0000005, EXCEPTION_ACCESS_VIOLATION (0xc0000005) at pc=0x00007ffb18057bd0]

VM state: not at safepoint (not fully initialized)

VM Mutex/Monitor currently owned by a thread:  ([mutex/lock_event])
[0x00000260b553a900] Heap_lock - owner thread: 0x00000260b553ede0

Heap address: 0x00000000c8c00000, size: 884 MB, Compressed Oops mode: 32-bit

CDS archive(s) mapped at: [0x0000000000000000-0x0000000000000000-0x0000000000000000), size 0, SharedBaseAddress: 0x0000000800000000, ArchiveRelocationMode: 0.
Narrow klass base: 0x0000000000000000, Narrow klass shift: 0, Narrow klass range: 0x0

GC Precious Log:
<Empty>

Heap:
 garbage-first heap   total 0K, used 0K [0x00000000c8c00000, 0x0000000100000000)
  region size 1024K, 0 young (0K), 0 survivors (0K)

[error occurred during error reporting (printing heap information), id 0xc0000005, EXCEPTION_ACCESS_VIOLATION (0xc0000005) at pc=0x00007ffb184400b9]

GC Heap History (0 events):
No events

Deoptimization events (0 events):
No events

Classes unloaded (0 events):
No events

Classes redefined (0 events):
No events

Internal exceptions (0 events):
No events

VM Operations (0 events):
No events

Events (1 events):
Event: 0.024 Loaded shared library C:\Program Files\Java\jdk-17\bin\java.dll


Dynamic libraries:
0x00007ff6ada30000 - 0x00007ff6ada40000 	C:\Program Files\Java\jdk-17\bin\java.exe
0x00007ffb56830000 - 0x00007ffb56a47000 	C:\WINDOWS\SYSTEM32\ntdll.dll
0x00007ffb55a90000 - 0x00007ffb55b54000 	C:\WINDOWS\System32\KERNEL32.DLL
0x00007ffb53ea0000 - 0x00007ffb54246000 	C:\WINDOWS\System32\KERNELBASE.dll
0x00007ffb53d80000 - 0x00007ffb53e91000 	C:\WINDOWS\System32\ucrtbase.dll
0x00007ffb488d0000 - 0x00007ffb488eb000 	C:\Program Files\Java\jdk-17\bin\VCRUNTIME140.dll
0x00007ffb498b0000 - 0x00007ffb498c9000 	C:\Program Files\Java\jdk-17\bin\jli.dll
0x00007ffb55f00000 - 0x00007ffb55fb3000 	C:\WINDOWS\System32\ADVAPI32.dll
0x00007ffb54580000 - 0x00007ffb54627000 	C:\WINDOWS\System32\msvcrt.dll
0x00007ffb55b70000 - 0x00007ffb55c18000 	C:\WINDOWS\System32\sechost.dll
0x00007ffb53b70000 - 0x00007ffb53b98000 	C:\WINDOWS\System32\bcrypt.dll
0x00007ffb55970000 - 0x00007ffb55a87000 	C:\WINDOWS\System32\RPCRT4.dll
0x00007ffb55c20000 - 0x00007ffb55dce000 	C:\WINDOWS\System32\USER32.dll
0x00007ffb544b0000 - 0x00007ffb544d6000 	C:\WINDOWS\System32\win32u.dll
0x00007ffb55df0000 - 0x00007ffb55e19000 	C:\WINDOWS\System32\GDI32.dll
0x00007ffb54310000 - 0x00007ffb54428000 	C:\WINDOWS\System32\gdi32full.dll
0x00007ffb544e0000 - 0x00007ffb5457a000 	C:\WINDOWS\System32\msvcp_win.dll
0x00007ffb3efe0000 - 0x00007ffb3f273000 	C:\WINDOWS\WinSxS\amd64_microsoft.windows.common-controls_6595b64144ccf1df_6.0.22621.2506_none_270c5ae97388e100\COMCTL32.dll
0x00007ffb4ae40000 - 0x00007ffb4ae4a000 	C:\WINDOWS\SYSTEM32\VERSION.dll
0x00007ffb54770000 - 0x00007ffb547a1000 	C:\WINDOWS\System32\IMM32.DLL
0x00007ffb516c0000 - 0x00007ffb516cc000 	C:\Program Files\Java\jdk-17\bin\vcruntime140_1.dll
0x00007ffb3b790000 - 0x00007ffb3b81e000 	C:\Program Files\Java\jdk-17\bin\msvcp140.dll
0x00007ffb17d70000 - 0x00007ffb1894d000 	C:\Program Files\Java\jdk-17\bin\server\jvm.dll
0x00007ffb554d0000 - 0x00007ffb554d8000 	C:\WINDOWS\System32\PSAPI.DLL
0x00007ffb516b0000 - 0x00007ffb516b9000 	C:\WINDOWS\SYSTEM32\WSOCK32.dll
0x00007ffb4de60000 - 0x00007ffb4de94000 	C:\WINDOWS\SYSTEM32\WINMM.dll
0x00007ffb546e0000 - 0x00007ffb54751000 	C:\WINDOWS\System32\WS2_32.dll
0x00007ffb52ba0000 - 0x00007ffb52bb8000 	C:\WINDOWS\SYSTEM32\kernel.appcore.dll
0x00007ffb515b0000 - 0x00007ffb515ba000 	C:\Program Files\Java\jdk-17\bin\jimage.dll
0x00007ffb51360000 - 0x00007ffb51593000 	C:\WINDOWS\SYSTEM32\DBGHELP.DLL
0x00007ffb554e0000 - 0x00007ffb55869000 	C:\WINDOWS\System32\combase.dll
0x00007ffb55e20000 - 0x00007ffb55ef7000 	C:\WINDOWS\System32\OLEAUT32.dll
0x00007ffb4c1e0000 - 0x00007ffb4c212000 	C:\WINDOWS\SYSTEM32\dbgcore.DLL
0x00007ffb54430000 - 0x00007ffb544aa000 	C:\WINDOWS\System32\bcryptPrimitives.dll
0x00007ffb43970000 - 0x00007ffb43995000 	C:\Program Files\Java\jdk-17\bin\java.dll

dbghelp: loaded successfully - version: 4.0.5 - missing functions: none
symbol engine: initialized successfully - sym options: 0x614 - pdb path: .;C:\Program Files\Java\jdk-17\bin;C:\WINDOWS\SYSTEM32;C:\WINDOWS\WinSxS\amd64_microsoft.windows.common-controls_6595b64144ccf1df_6.0.22621.2506_none_270c5ae97388e100;C:\Program Files\Java\jdk-17\bin\server

VM Arguments:
jvm_args: -XX:+ShowCodeDetailsInExceptionMessages 
java_command: SignUpOne
java_class_path (initial): C:\Users\JAMIRUL\AppData\Roaming\Code\User\workspaceStorage\b480c222640cbec4e10116c364ecf40d\redhat.java\jdt_ws\ATM_d73485ff\bin
Launcher Type: SUN_STANDARD

[Global flags]
     intx CICompilerCount                          = 3                                         {product} {ergonomic}
     uint ConcGCThreads                            = 1                                         {product} {ergonomic}
     uint G1ConcRefinementThreads                  = 4                                         {product} {ergonomic}
   size_t G1HeapRegionSize                         = 1048576                                   {product} {ergonomic}
    uintx GCDrainStackTargetSize                   = 64                                        {product} {ergonomic}
   size_t InitialHeapSize                          = 58720256                                  {product} {ergonomic}
   size_t MarkStackSize                            = 4194304                                   {product} {ergonomic}
   size_t MaxHeapSize                              = 926941184                                 {product} {ergonomic}
   size_t MinHeapDeltaBytes                        = 1048576                                   {product} {ergonomic}
   size_t MinHeapSize                              = 8388608                                   {product} {ergonomic}
    uintx NonNMethodCodeHeapSize                   = 5832780                                {pd product} {ergonomic}
    uintx NonProfiledCodeHeapSize                  = 122912730                              {pd product} {ergonomic}
    uintx ProfiledCodeHeapSize                     = 122912730                              {pd product} {ergonomic}
    uintx ReservedCodeCacheSize                    = 251658240                              {pd product} {ergonomic}
     bool SegmentedCodeCache                       = true                                      {product} {ergonomic}
     bool ShowCodeDetailsInExceptionMessages       = true                                   {manageable} {command line}
   size_t SoftMaxHeapSize                          = 926941184                              {manageable} {ergonomic}
     bool UseCompressedClassPointers               = true                           {product lp64_product} {ergonomic}
     bool UseCompressedOops                        = true                           {product lp64_product} {ergonomic}
     bool UseG1GC                                  = true                                      {product} {ergonomic}
     bool UseLargePagesIndividualAllocation        = false                                  {pd product} {ergonomic}

Logging:
Log output configuration:
 #0: stdout all=warning uptime,level,tags
 #1: stderr all=off uptime,level,tags

Environment Variables:
PATH=C:\Program Files\Common Files\Oracle\Java\javapath;C:\WINDOWS\system32;C:\WINDOWS;C:\WINDOWS\System32\Wbem;C:\WINDOWS\System32\WindowsPowerShell\v1.0\;C:\WINDOWS\System32\OpenSSH\;C:\MinGW\bin;C:\Program Files\Java\jdk-17\bin;C:\Program Files\Git\cmd;C:\Program Files\MySQL\MySQL Server 8.0\bin;C:\Program Files\MySQL\MySQL Shell 8.0\bin\;C:\Users\JAMIRUL\AppData\Local\Microsoft\WindowsApps;C:\Users\JAMIRUL\AppData\Local\Programs\Microsoft VS Code\bin;C:\MinGW\bin;C:\Program Files\MySQL\MySQL Server 8.0\bin;
USERNAME=JAMIRUL
LANG=en_US.UTF-8
OS=Windows_NT
PROCESSOR_IDENTIFIER=AMD64 Family 23 Model 24 Stepping 1, AuthenticAMD



---------------  S Y S T E M  ---------------

OS:
 Windows 11 , 64 bit Build 22621 (10.0.22621.2506)
OS uptime: 18 days 0:21 hours

CPU: total 4 (initial active 4) (4 cores per cpu, 2 threads per core) family 23 model 24 stepping 1 microcode 0x0, cx8, cmov, fxsr, ht, mmx, 3dnowpref, sse, sse2, sse3, ssse3, sse4a, sse4.1, sse4.2, popcnt, lzcnt, tsc, tscinvbit, avx, avx2, aes, clmul, bmi1, bmi2, adx, sha, fma, vzeroupper, clflush, clflushopt

Memory: 4k page, system-wide physical 3534M (126M free)
TotalPageFile size 14286M (AvailPageFile size 6M)
current process WorkingSet (physical memory assigned to process): 10M, peak: 10M
current process commit charge ("private bytes"): 48M, peak: 49M

vm_info: Java HotSpot(TM) 64-Bit Server VM (17.0.7+8-LTS-224) for windows-amd64 JRE (17.0.7+8-LTS-224), built on Feb 28 2023 23:03:02 by "mach5one" with MS VC++ 17.1 (VS2022)

END.
